{"meta": {"format": 3, "version": "7.12.0", "timestamp": "2025-11-23T15:16:14.393520", "branch_coverage": false, "show_contexts": false}, "files": {"name_matching/config/__init__.py": {"executed_lines": [1, 2, 5, 15, 16, 18, 23], "summary": {"covered_lines": 7, "num_statements": 10, "percent_covered": 70.0, "percent_covered_display": "70", "missing_lines": 3, "excluded_lines": 0, "percent_statements_covered": 70.0, "percent_statements_covered_display": "70"}, "missing_lines": [19, 20, 21], "excluded_lines": [], "functions": {"read_config": {"executed_lines": [15, 16, 18, 23], "summary": {"covered_lines": 4, "num_statements": 7, "percent_covered": 57.142857142857146, "percent_covered_display": "57", "missing_lines": 3, "excluded_lines": 0, "percent_statements_covered": 57.142857142857146, "percent_statements_covered_display": "57"}, "missing_lines": [19, 20, 21], "excluded_lines": []}, "": {"executed_lines": [1, 2, 5], "summary": {"covered_lines": 3, "num_statements": 3, "percent_covered": 100.0, "percent_covered_display": "100", "missing_lines": 0, "excluded_lines": 0, "percent_statements_covered": 100.0, "percent_statements_covered_display": "100"}, "missing_lines": [], "excluded_lines": []}}, "classes": {"": {"executed_lines": [1, 2, 5, 15, 16, 18, 23], "summary": {"covered_lines": 7, "num_statements": 10, "percent_covered": 70.0, "percent_covered_display": "70", "missing_lines": 3, "excluded_lines": 0, "percent_statements_covered": 70.0, "percent_statements_covered_display": "70"}, "missing_lines": [19, 20, 21], "excluded_lines": []}}}, "name_matching/features/build_features.py": {"executed_lines": [1, 2, 4, 5, 6, 7, 8, 9, 12, 14, 17, 20, 33, 37, 41, 44, 53, 54, 56, 57, 58, 60, 63, 66, 78, 80, 81, 82, 86, 89, 119, 120, 125, 144, 235], "summary": {"covered_lines": 34, "num_statements": 94, "percent_covered": 36.170212765957444, "percent_covered_display": "36", "missing_lines": 60, "excluded_lines": 0, "percent_statements_covered": 36.170212765957444, "percent_statements_covered_display": "36"}, "missing_lines": [61, 104, 106, 107, 108, 110, 111, 113, 115, 116, 133, 136, 137, 138, 139, 140, 141, 142, 156, 158, 161, 164, 165, 168, 169, 172, 173, 179, 180, 184, 187, 188, 189, 193, 198, 199, 200, 204, 209, 215, 216, 218, 229, 230, 231, 232, 233, 243, 244, 247, 248, 251, 254, 255, 256, 257, 259, 260, 261, 262], "excluded_lines": [], "functions": {"get_ratio_feature": {"executed_lines": [33, 37, 41], "summary": {"covered_lines": 3, "num_statements": 3, "percent_covered": 100.0, "percent_covered_display": "100", "missing_lines": 0, "excluded_lines": 0, "percent_statements_covered": 100.0, "percent_statements_covered_display": "100"}, "missing_lines": [], "excluded_lines": []}, "compute_jaccard_sim": {"executed_lines": [53, 54, 56, 57, 58, 60, 63], "summary": {"covered_lines": 7, "num_statements": 8, "percent_covered": 87.5, "percent_covered_display": "88", "missing_lines": 1, "excluded_lines": 0, "percent_statements_covered": 87.5, "percent_statements_covered_display": "88"}, "missing_lines": [61], "excluded_lines": []}, "compute_cosine_sims": {"executed_lines": [78, 80, 81, 82, 86], "summary": {"covered_lines": 5, "num_statements": 5, "percent_covered": 100.0, "percent_covered_display": "100", "missing_lines": 0, "excluded_lines": 0, "percent_statements_covered": 100.0, "percent_statements_covered_display": "100"}, "missing_lines": [], "excluded_lines": []}, "compute_embedding_distances": {"executed_lines": [], "summary": {"covered_lines": 0, "num_statements": 9, "percent_covered": 0.0, "percent_covered_display": "0", "missing_lines": 9, "excluded_lines": 0, "percent_statements_covered": 0.0, "percent_statements_covered_display": "0"}, "missing_lines": [104, 106, 107, 108, 110, 111, 113, 115, 116], "excluded_lines": []}, "FeatureGenerator.__init__": {"executed_lines": [], "summary": {"covered_lines": 0, "num_statements": 8, "percent_covered": 0.0, "percent_covered_display": "0", "missing_lines": 8, "excluded_lines": 0, "percent_statements_covered": 0.0, "percent_statements_covered_display": "0"}, "missing_lines": [133, 136, 137, 138, 139, 140, 141, 142], "excluded_lines": []}, "FeatureGenerator.build_features": {"executed_lines": [], "summary": {"covered_lines": 0, "num_statements": 29, "percent_covered": 0.0, "percent_covered_display": "0", "missing_lines": 29, "excluded_lines": 0, "percent_statements_covered": 0.0, "percent_statements_covered_display": "0"}, "missing_lines": [156, 158, 161, 164, 165, 168, 169, 172, 173, 179, 180, 184, 187, 188, 189, 193, 198, 199, 200, 204, 209, 215, 216, 218, 229, 230, 231, 232, 233], "excluded_lines": []}, "FeatureGenerator.create_tfidf_vectorizer": {"executed_lines": [], "summary": {"covered_lines": 0, "num_statements": 13, "percent_covered": 0.0, "percent_covered_display": "0", "missing_lines": 13, "excluded_lines": 0, "percent_statements_covered": 0.0, "percent_statements_covered_display": "0"}, "missing_lines": [243, 244, 247, 248, 251, 254, 255, 256, 257, 259, 260, 261, 262], "excluded_lines": []}, "": {"executed_lines": [1, 2, 4, 5, 6, 7, 8, 9, 12, 14, 17, 20, 44, 66, 89, 119, 120, 125, 144, 235], "summary": {"covered_lines": 19, "num_statements": 19, "percent_covered": 100.0, "percent_covered_display": "100", "missing_lines": 0, "excluded_lines": 0, "percent_statements_covered": 100.0, "percent_statements_covered_display": "100"}, "missing_lines": [], "excluded_lines": []}}, "classes": {"FeatureGenerator": {"executed_lines": [], "summary": {"covered_lines": 0, "num_statements": 50, "percent_covered": 0.0, "percent_covered_display": "0", "missing_lines": 50, "excluded_lines": 0, "percent_statements_covered": 0.0, "percent_statements_covered_display": "0"}, "missing_lines": [133, 136, 137, 138, 139, 140, 141, 142, 156, 158, 161, 164, 165, 168, 169, 172, 173, 179, 180, 184, 187, 188, 189, 193, 198, 199, 200, 204, 209, 215, 216, 218, 229, 230, 231, 232, 233, 243, 244, 247, 248, 251, 254, 255, 256, 257, 259, 260, 261, 262], "excluded_lines": []}, "": {"executed_lines": [1, 2, 4, 5, 6, 7, 8, 9, 12, 14, 17, 20, 33, 37, 41, 44, 53, 54, 56, 57, 58, 60, 63, 66, 78, 80, 81, 82, 86, 89, 119, 120, 125, 144, 235], "summary": {"covered_lines": 34, "num_statements": 44, "percent_covered": 77.27272727272727, "percent_covered_display": "77", "missing_lines": 10, "excluded_lines": 0, "percent_statements_covered": 77.27272727272727, "percent_statements_covered_display": "77"}, "missing_lines": [61, 104, 106, 107, 108, 110, 111, 113, 115, 116], "excluded_lines": []}}}, "name_matching/utils/utils.py": {"executed_lines": [1, 2, 3, 4, 6, 7, 8, 9, 10, 12, 15, 18, 21, 22, 26, 27, 34, 51, 54, 56, 57, 61, 63, 64, 68, 72, 75, 84, 86, 87, 90, 92, 93, 96, 132, 166, 211, 243], "summary": {"covered_lines": 38, "num_statements": 96, "percent_covered": 39.583333333333336, "percent_covered_display": "40", "missing_lines": 58, "excluded_lines": 0, "percent_statements_covered": 39.583333333333336, "percent_statements_covered_display": "40"}, "missing_lines": [70, 105, 107, 108, 110, 111, 112, 114, 115, 116, 117, 118, 124, 126, 128, 129, 143, 144, 146, 147, 149, 161, 163, 173, 176, 177, 181, 184, 205, 208, 222, 224, 225, 227, 228, 229, 230, 231, 232, 233, 234, 237, 239, 240, 255, 257, 258, 260, 261, 262, 263, 264, 265, 266, 269, 271, 272, 274], "excluded_lines": [], "functions": {"process_text_standard": {"executed_lines": [51, 54, 56, 57, 61, 63, 64, 68, 72], "summary": {"covered_lines": 9, "num_statements": 10, "percent_covered": 90.0, "percent_covered_display": "90", "missing_lines": 1, "excluded_lines": 0, "percent_statements_covered": 90.0, "percent_statements_covered_display": "90"}, "missing_lines": [70], "excluded_lines": []}, "remove_or_extract_numeric_tokens": {"executed_lines": [84, 86, 87, 90, 92, 93], "summary": {"covered_lines": 6, "num_statements": 6, "percent_covered": 100.0, "percent_covered_display": "100", "missing_lines": 0, "excluded_lines": 0, "percent_statements_covered": 100.0, "percent_statements_covered_display": "100"}, "missing_lines": [], "excluded_lines": []}, "generate_typo_name": {"executed_lines": [], "summary": {"covered_lines": 0, "num_statements": 15, "percent_covered": 0.0, "percent_covered_display": "0", "missing_lines": 15, "excluded_lines": 0, "percent_statements_covered": 0.0, "percent_statements_covered_display": "0"}, "missing_lines": [105, 107, 108, 110, 111, 112, 114, 115, 116, 117, 118, 124, 126, 128, 129], "excluded_lines": []}, "get_mistral_response": {"executed_lines": [], "summary": {"covered_lines": 0, "num_statements": 7, "percent_covered": 0.0, "percent_covered_display": "0", "missing_lines": 7, "excluded_lines": 0, "percent_statements_covered": 0.0, "percent_statements_covered_display": "0"}, "missing_lines": [143, 144, 146, 147, 149, 161, 163], "excluded_lines": []}, "generate_aliases": {"executed_lines": [], "summary": {"covered_lines": 0, "num_statements": 7, "percent_covered": 0.0, "percent_covered_display": "0", "missing_lines": 7, "excluded_lines": 0, "percent_statements_covered": 0.0, "percent_statements_covered_display": "0"}, "missing_lines": [173, 176, 177, 181, 184, 205, 208], "excluded_lines": []}, "plot_roc_auc": {"executed_lines": [], "summary": {"covered_lines": 0, "num_statements": 14, "percent_covered": 0.0, "percent_covered_display": "0", "missing_lines": 14, "excluded_lines": 0, "percent_statements_covered": 0.0, "percent_statements_covered_display": "0"}, "missing_lines": [222, 224, 225, 227, 228, 229, 230, 231, 232, 233, 234, 237, 239, 240], "excluded_lines": []}, "plot_precision_recall_auc": {"executed_lines": [], "summary": {"covered_lines": 0, "num_statements": 14, "percent_covered": 0.0, "percent_covered_display": "0", "missing_lines": 14, "excluded_lines": 0, "percent_statements_covered": 0.0, "percent_statements_covered_display": "0"}, "missing_lines": [255, 257, 258, 260, 261, 262, 263, 264, 265, 266, 269, 271, 272, 274], "excluded_lines": []}, "": {"executed_lines": [1, 2, 3, 4, 6, 7, 8, 9, 10, 12, 15, 18, 21, 22, 26, 27, 34, 75, 96, 132, 166, 211, 243], "summary": {"covered_lines": 23, "num_statements": 23, "percent_covered": 100.0, "percent_covered_display": "100", "missing_lines": 0, "excluded_lines": 0, "percent_statements_covered": 100.0, "percent_statements_covered_display": "100"}, "missing_lines": [], "excluded_lines": []}}, "classes": {"AliasesResponse": {"executed_lines": [], "summary": {"covered_lines": 0, "num_statements": 0, "percent_covered": 100.0, "percent_covered_display": "100", "missing_lines": 0, "excluded_lines": 0, "percent_statements_covered": 100.0, "percent_statements_covered_display": "100"}, "missing_lines": [], "excluded_lines": []}, "": {"executed_lines": [1, 2, 3, 4, 6, 7, 8, 9, 10, 12, 15, 18, 21, 22, 26, 27, 34, 51, 54, 56, 57, 61, 63, 64, 68, 72, 75, 84, 86, 87, 90, 92, 93, 96, 132, 166, 211, 243], "summary": {"covered_lines": 38, "num_statements": 96, "percent_covered": 39.583333333333336, "percent_covered_display": "40", "missing_lines": 58, "excluded_lines": 0, "percent_statements_covered": 39.583333333333336, "percent_statements_covered_display": "40"}, "missing_lines": [70, 105, 107, 108, 110, 111, 112, 114, 115, 116, 117, 118, 124, 126, 128, 129, 143, 144, 146, 147, 149, 161, 163, 173, 176, 177, 181, 184, 205, 208, 222, 224, 225, 227, 228, 229, 230, 231, 232, 233, 234, 237, 239, 240, 255, 257, 258, 260, 261, 262, 263, 264, 265, 266, 269, 271, 272, 274], "excluded_lines": []}}}}, "totals": {"covered_lines": 79, "num_statements": 200, "percent_covered": 39.5, "percent_covered_display": "40", "missing_lines": 121, "excluded_lines": 0, "percent_statements_covered": 39.5, "percent_statements_covered_display": "40"}}